<?xml version="1.0" encoding="UTF-8"?>
<!-- Generated by org.testng.reporters.JUnitReportReporter -->
<testsuite hostname="Hope" failures="0" tests="1" name="day28.feb13.Demo1" time="8.140" errors="0" timestamp="2023-02-13T08:14:30 IST" skipped="0">
  <testcase classname="day28.feb13.Demo1" name="testA" time="8.140"/>
  <system-out/>
</testsuite> <!-- day28.feb13.Demo1 -->
