<?xml version="1.0" encoding="UTF-8"?>
<!-- Generated by org.testng.reporters.JUnitReportReporter -->
<testsuite hostname="Hope" failures="0" tests="1" name="scripts.ValidLogin" time="17.203" errors="0" timestamp="2023-02-16T19:11:20 IST" skipped="0">
  <testcase classname="scripts.ValidLogin" name="testValidLogin" time="17.203"/>
  <system-out>
    <![CDATA[HomePage is displayed]]>
  </system-out>
</testsuite> <!-- scripts.ValidLogin -->
