<?xml version="1.0" encoding="UTF-8"?>
<!-- Generated by org.testng.reporters.JUnitReportReporter -->
<testsuite hostname="Hope" failures="0" tests="1" name="scripts.InvalidLogin" time="20.019" errors="0" timestamp="2023-02-16T08:18:00 IST" skipped="0">
  <testcase classname="scripts.InvalidLogin" name="testInvalidLogin" time="20.019"/>
  <system-out>
    <![CDATA[Err Msg is Displayed]]>
  </system-out>
</testsuite> <!-- scripts.InvalidLogin -->
